TN:
SF:controllers\activityController.js
FN:6,(anonymous_0)
FNF:1
FNH:0
FNDA:0,(anonymous_0)
DA:1,1
DA:2,1
DA:3,1
DA:6,1
DA:7,0
DA:8,0
DA:11,0
DA:12,0
DA:14,0
DA:15,0
DA:19,0
DA:21,0
DA:24,0
DA:28,0
DA:30,0
DA:31,0
DA:35,1
LF:17
LH:5
BRDA:14,0,0,0
BRDA:14,0,1,0
BRDA:19,1,0,0
BRDA:19,1,1,0
BRDA:19,2,0,0
BRDA:19,2,1,0
BRF:6
BRH:0
end_of_record
TN:
SF:controllers\authController.js
FN:7,(anonymous_0)
FN:68,(anonymous_1)
FN:93,(anonymous_2)
FN:102,(anonymous_3)
FNF:4
FNH:0
FNDA:0,(anonymous_0)
FNDA:0,(anonymous_1)
FNDA:0,(anonymous_2)
FNDA:0,(anonymous_3)
DA:1,1
DA:2,1
DA:3,1
DA:4,1
DA:7,1
DA:8,0
DA:9,0
DA:11,0
DA:12,0
DA:14,0
DA:22,0
DA:25,0
DA:26,0
DA:28,0
DA:36,0
DA:40,0
DA:41,0
DA:44,0
DA:52,0
DA:60,0
DA:62,0
DA:63,0
DA:68,1
DA:69,0
DA:70,0
DA:72,0
DA:84,0
DA:85,0
DA:87,0
DA:88,0
DA:93,1
DA:94,0
DA:95,0
DA:97,0
DA:102,1
DA:103,0
DA:104,0
DA:106,0
DA:107,0
DA:108,0
DA:111,0
DA:112,0
DA:113,0
DA:116,0
DA:117,0
DA:120,0
DA:132,0
DA:134,0
DA:135,0
LF:49
LH:8
BRDA:12,0,0,0
BRDA:12,0,1,0
BRDA:26,1,0,0
BRDA:26,1,1,0
BRDA:70,2,0,0
BRDA:70,2,1,0
BRDA:94,3,0,0
BRDA:94,3,1,0
BRDA:107,4,0,0
BRDA:107,4,1,0
BRDA:112,5,0,0
BRDA:112,5,1,0
BRF:12
BRH:0
end_of_record
TN:
SF:controllers\bulkController.js
FN:9,(anonymous_0)
FN:71,(anonymous_1)
FN:117,(anonymous_2)
FNF:3
FNH:0
FNDA:0,(anonymous_0)
FNDA:0,(anonymous_1)
FNDA:0,(anonymous_2)
DA:1,1
DA:2,1
DA:3,1
DA:4,1
DA:5,1
DA:6,1
DA:9,1
DA:10,0
DA:11,0
DA:13,0
DA:14,0
DA:17,0
DA:18,0
DA:22,0
DA:23,0
DA:24,0
DA:28,0
DA:46,0
DA:47,0
DA:48,0
DA:51,0
DA:60,0
DA:65,0
DA:66,0
DA:71,1
DA:72,0
DA:73,0
DA:75,0
DA:76,0
DA:79,0
DA:80,0
DA:84,0
DA:87,0
DA:102,0
DA:103,0
DA:106,0
DA:111,0
DA:112,0
DA:117,1
DA:118,0
DA:119,0
DA:121,0
DA:122,0
DA:125,0
DA:126,0
DA:130,0
DA:133,0
DA:148,0
DA:149,0
DA:152,0
DA:157,0
DA:158,0
DA:162,1
LF:53
LH:10
BRDA:13,0,0,0
BRDA:13,0,1,0
BRDA:13,1,0,0
BRDA:13,1,1,0
BRDA:13,1,2,0
BRDA:17,2,0,0
BRDA:17,2,1,0
BRDA:23,3,0,0
BRDA:23,3,1,0
BRDA:75,4,0,0
BRDA:75,4,1,0
BRDA:75,5,0,0
BRDA:75,5,1,0
BRDA:75,5,2,0
BRDA:79,6,0,0
BRDA:79,6,1,0
BRDA:79,7,0,0
BRDA:79,7,1,0
BRDA:121,8,0,0
BRDA:121,8,1,0
BRDA:121,9,0,0
BRDA:121,9,1,0
BRDA:121,9,2,0
BRDA:125,10,0,0
BRDA:125,10,1,0
BRDA:125,11,0,0
BRDA:125,11,1,0
BRF:27
BRH:0
end_of_record
TN:
SF:controllers\customerController.js
FN:11,buildCustomerFilters
FN:46,(anonymous_1)
FN:72,(anonymous_2)
FN:92,(anonymous_3)
FN:111,(anonymous_4)
FN:141,(anonymous_5)
FN:149,(anonymous_6)
FN:158,(anonymous_7)
FN:164,(anonymous_8)
FN:172,(anonymous_9)
FN:174,(anonymous_10)
FN:175,(anonymous_11)
FN:202,(anonymous_12)
FN:228,(anonymous_13)
FN:269,(anonymous_14)
FNF:15
FNH:8
FNDA:1,buildCustomerFilters
FNDA:1,(anonymous_1)
FNDA:0,(anonymous_2)
FNDA:1,(anonymous_3)
FNDA:1,(anonymous_4)
FNDA:1,(anonymous_5)
FNDA:0,(anonymous_6)
FNDA:0,(anonymous_7)
FNDA:3,(anonymous_8)
FNDA:0,(anonymous_9)
FNDA:0,(anonymous_10)
FNDA:0,(anonymous_11)
FNDA:1,(anonymous_12)
FNDA:1,(anonymous_13)
FNDA:0,(anonymous_14)
DA:1,1
DA:2,1
DA:3,1
DA:4,1
DA:5,1
DA:6,1
DA:12,1
DA:14,1
DA:15,0
DA:24,1
DA:25,0
DA:28,1
DA:29,0
DA:32,1
DA:33,0
DA:36,1
DA:37,0
DA:40,1
DA:46,1
DA:47,1
DA:48,1
DA:49,1
DA:50,1
DA:51,1
DA:53,1
DA:62,1
DA:64,0
DA:65,0
DA:72,1
DA:73,0
DA:74,0
DA:78,0
DA:79,0
DA:82,0
DA:84,0
DA:85,0
DA:92,1
DA:93,1
DA:94,1
DA:96,1
DA:97,1
DA:100,1
DA:105,1
DA:110,1
DA:111,1
DA:117,1
DA:118,1
DA:121,1
DA:122,0
DA:128,1
DA:130,0
DA:131,0
DA:132,0
DA:134,0
DA:141,1
DA:142,1
DA:143,1
DA:145,1
DA:146,0
DA:149,1
DA:150,1
DA:152,1
DA:157,1
DA:158,0
DA:164,1
DA:165,3
DA:168,1
DA:171,1
DA:172,0
DA:174,0
DA:175,0
DA:177,0
DA:178,0
DA:184,0
DA:185,0
DA:192,1
DA:194,0
DA:195,0
DA:202,1
DA:203,1
DA:204,1
DA:206,1
DA:207,0
DA:210,1
DA:211,1
DA:216,1
DA:218,1
DA:220,0
DA:221,0
DA:228,1
DA:229,1
DA:230,1
DA:231,1
DA:233,1
DA:234,0
DA:237,1
DA:239,1
DA:247,1
DA:249,1
DA:261,0
DA:262,0
DA:269,1
DA:270,0
DA:271,0
DA:273,0
DA:275,0
DA:276,0
DA:279,0
DA:280,0
DA:283,0
DA:284,0
DA:285,0
DA:286,0
DA:287,0
DA:288,0
DA:289,0
DA:291,0
DA:292,0
DA:298,0
DA:300,0
DA:302,0
DA:303,0
DA:307,1
LF:123
LH:67
BRDA:14,0,0,0
BRDA:14,0,1,1
BRDA:24,1,0,0
BRDA:24,1,1,1
BRDA:28,2,0,0
BRDA:28,2,1,1
BRDA:32,3,0,0
BRDA:32,3,1,1
BRDA:36,4,0,0
BRDA:36,4,1,1
BRDA:36,5,0,1
BRDA:36,5,1,0
BRDA:49,6,0,1
BRDA:49,6,1,1
BRDA:50,7,0,1
BRDA:50,7,1,1
BRDA:78,8,0,0
BRDA:78,8,1,0
BRDA:96,9,0,1
BRDA:96,9,1,0
BRDA:110,10,0,1
BRDA:110,10,1,0
BRDA:113,11,0,1
BRDA:113,11,1,0
BRDA:121,12,0,0
BRDA:121,12,1,1
BRDA:131,13,0,0
BRDA:131,13,1,0
BRDA:145,14,0,0
BRDA:145,14,1,1
BRDA:149,15,0,1
BRDA:149,15,1,0
BRDA:157,16,0,0
BRDA:157,16,1,1
BRDA:160,17,0,0
BRDA:160,17,1,0
BRDA:171,18,0,0
BRDA:171,18,1,1
BRDA:177,19,0,0
BRDA:177,19,1,0
BRDA:184,20,0,0
BRDA:184,20,1,0
BRDA:206,21,0,0
BRDA:206,21,1,1
BRDA:233,22,0,0
BRDA:233,22,1,1
BRDA:247,23,0,0
BRDA:247,23,1,1
BRDA:275,24,0,0
BRDA:275,24,1,0
BRDA:279,25,0,0
BRDA:279,25,1,0
BRDA:283,26,0,0
BRDA:283,26,1,0
BRDA:284,27,0,0
BRDA:284,27,1,0
BRDA:285,28,0,0
BRDA:285,28,1,0
BRDA:286,29,0,0
BRDA:286,29,1,0
BRDA:287,30,0,0
BRDA:287,30,1,0
BRDA:288,31,0,0
BRDA:288,31,1,0
BRDA:289,32,0,0
BRDA:289,32,1,0
BRDA:291,33,0,0
BRDA:291,33,1,0
BRF:68
BRH:21
end_of_record
TN:
SF:controllers\dashboardController.js
FN:8,(anonymous_0)
FN:85,(anonymous_1)
FN:123,(anonymous_2)
FN:124,(anonymous_3)
FN:125,(anonymous_4)
FN:126,(anonymous_5)
FN:127,(anonymous_6)
FN:142,(anonymous_7)
FN:203,(anonymous_8)
FN:231,(anonymous_9)
FN:274,(anonymous_10)
FN:304,(anonymous_11)
FN:311,(anonymous_12)
FNF:13
FNH:0
FNDA:0,(anonymous_0)
FNDA:0,(anonymous_1)
FNDA:0,(anonymous_2)
FNDA:0,(anonymous_3)
FNDA:0,(anonymous_4)
FNDA:0,(anonymous_5)
FNDA:0,(anonymous_6)
FNDA:0,(anonymous_7)
FNDA:0,(anonymous_8)
FNDA:0,(anonymous_9)
FNDA:0,(anonymous_10)
FNDA:0,(anonymous_11)
FNDA:0,(anonymous_12)
DA:1,1
DA:2,1
DA:3,1
DA:4,1
DA:5,1
DA:8,1
DA:9,0
DA:10,0
DA:13,0
DA:14,0
DA:18,0
DA:19,0
DA:35,0
DA:73,0
DA:76,0
DA:83,0
DA:84,0
DA:85,0
DA:86,0
DA:87,0
DA:88,0
DA:89,0
DA:90,0
DA:92,0
DA:94,0
DA:98,0
DA:114,0
DA:123,0
DA:124,0
DA:125,0
DA:126,0
DA:127,0
DA:136,0
DA:137,0
DA:142,1
DA:143,0
DA:144,0
DA:145,0
DA:148,0
DA:149,0
DA:153,0
DA:154,0
DA:160,0
DA:161,0
DA:163,0
DA:165,0
DA:170,0
DA:171,0
DA:173,0
DA:177,0
DA:178,0
DA:180,0
DA:184,0
DA:185,0
DA:188,0
DA:203,0
DA:204,0
DA:205,0
DA:207,0
DA:208,0
DA:209,0
DA:210,0
DA:212,0
DA:215,0
DA:221,0
DA:223,0
DA:224,0
DA:228,1
DA:231,1
DA:232,0
DA:233,0
DA:234,0
DA:244,0
DA:273,0
DA:275,0
DA:276,0
DA:277,0
DA:278,0
DA:280,0
DA:281,0
DA:282,0
DA:283,0
DA:286,0
DA:287,0
DA:302,0
DA:304,0
DA:310,0
DA:312,0
DA:313,0
DA:314,0
DA:325,0
DA:335,0
DA:351,0
DA:352,0
LF:94
LH:9
BRDA:13,0,0,0
BRDA:13,0,1,0
BRDA:18,1,0,0
BRDA:18,1,1,0
BRDA:18,2,0,0
BRDA:18,2,1,0
BRDA:73,3,0,0
BRDA:73,3,1,0
BRDA:84,4,0,0
BRDA:84,4,1,0
BRDA:86,5,0,0
BRDA:86,5,1,0
BRDA:86,6,0,0
BRDA:86,6,1,0
BRDA:90,7,0,0
BRDA:90,7,1,0
BRDA:94,8,0,0
BRDA:94,8,1,0
BRDA:144,9,0,0
BRDA:148,10,0,0
BRDA:148,10,1,0
BRDA:153,11,0,0
BRDA:153,11,1,0
BRDA:153,12,0,0
BRDA:153,12,1,0
BRDA:163,13,0,0
BRDA:163,13,1,0
BRDA:163,13,2,0
BRDA:207,14,0,0
BRDA:207,14,1,0
BRDA:209,15,0,0
BRDA:209,15,1,0
BRDA:233,16,0,0
BRDA:233,16,1,0
BRDA:276,17,0,0
BRDA:276,17,1,0
BRDA:277,18,0,0
BRDA:277,18,1,0
BRDA:278,19,0,0
BRDA:278,19,1,0
BRDA:280,20,0,0
BRDA:280,20,1,0
BRDA:281,21,0,0
BRDA:281,21,1,0
BRDA:282,22,0,0
BRDA:282,22,1,0
BRDA:286,23,0,0
BRDA:286,23,1,0
BRDA:302,24,0,0
BRDA:302,24,1,0
BRDA:312,25,0,0
BRDA:312,25,1,0
BRDA:315,26,0,0
BRDA:315,26,1,0
BRDA:316,27,0,0
BRDA:316,27,1,0
BRDA:316,27,2,0
BRDA:327,28,0,0
BRDA:327,28,1,0
BRF:59
BRH:0
end_of_record
TN:
SF:controllers\exportHistoryController.js
FN:6,(anonymous_0)
FN:51,(anonymous_1)
FN:87,(anonymous_2)
FN:101,(anonymous_3)
FNF:4
FNH:0
FNDA:0,(anonymous_0)
FNDA:0,(anonymous_1)
FNDA:0,(anonymous_2)
FNDA:0,(anonymous_3)
DA:1,1
DA:2,1
DA:3,1
DA:6,1
DA:7,0
DA:8,0
DA:11,0
DA:12,0
DA:16,0
DA:17,0
DA:21,0
DA:22,0
DA:23,0
DA:24,0
DA:26,0
DA:27,0
DA:32,0
DA:33,0
DA:34,0
DA:36,0
DA:37,0
DA:43,0
DA:45,0
DA:46,0
DA:51,1
DA:52,0
DA:53,0
DA:56,0
DA:57,0
DA:67,0
DA:85,0
DA:87,0
DA:95,0
DA:96,0
DA:101,1
DA:102,0
DA:103,0
DA:105,0
DA:106,0
DA:110,0
DA:112,0
DA:115,0
DA:117,0
DA:119,0
DA:120,0
DA:124,1
LF:46
LH:7
BRDA:11,0,0,0
BRDA:11,0,1,0
BRDA:16,1,0,0
BRDA:16,1,1,0
BRDA:21,2,0,0
BRDA:21,2,1,0
BRDA:21,3,0,0
BRDA:21,3,1,0
BRDA:23,4,0,0
BRDA:23,4,1,0
BRDA:26,5,0,0
BRDA:26,5,1,0
BRDA:32,6,0,0
BRDA:32,6,1,0
BRDA:33,7,0,0
BRDA:33,7,1,0
BRDA:56,8,0,0
BRDA:56,8,1,0
BRDA:89,9,0,0
BRDA:89,9,1,0
BRDA:92,10,0,0
BRDA:92,10,1,0
BRDA:105,11,0,0
BRDA:105,11,1,0
BRDA:110,12,0,0
BRDA:110,12,1,0
BRDA:110,13,0,0
BRDA:110,13,1,0
BRF:28
BRH:0
end_of_record
TN:
SF:controllers\notificationController.js
FN:6,(anonymous_0)
FN:27,(anonymous_1)
FN:50,(anonymous_2)
FN:68,(anonymous_3)
FNF:4
FNH:0
FNDA:0,(anonymous_0)
FNDA:0,(anonymous_1)
FNDA:0,(anonymous_2)
FNDA:0,(anonymous_3)
DA:1,1
DA:2,1
DA:3,1
DA:6,1
DA:7,0
DA:8,0
DA:14,0
DA:19,0
DA:21,0
DA:22,0
DA:27,1
DA:28,0
DA:29,0
DA:38,0
DA:39,0
DA:42,0
DA:44,0
DA:45,0
DA:50,1
DA:51,0
DA:52,0
DA:60,0
DA:62,0
DA:63,0
DA:68,1
DA:69,0
DA:70,0
DA:75,0
DA:77,0
DA:78,0
DA:82,1
LF:31
LH:8
BRDA:38,0,0,0
BRDA:38,0,1,0
BRF:2
BRH:0
end_of_record
TN:
SF:controllers\reportController.js
FN:9,(anonymous_0)
FN:15,(anonymous_1)
FN:65,(anonymous_2)
FN:71,(anonymous_3)
FN:84,(anonymous_4)
FN:105,(anonymous_5)
FN:105,(anonymous_6)
FN:136,(anonymous_7)
FN:142,(anonymous_8)
FN:150,(anonymous_9)
FN:163,(anonymous_10)
FN:174,(anonymous_11)
FN:181,(anonymous_12)
FN:192,(anonymous_13)
FN:216,logExportHistory
FN:238,buildQuery
FN:282,formatDateForExport
FNF:17
FNH:0
FNDA:0,(anonymous_0)
FNDA:0,(anonymous_1)
FNDA:0,(anonymous_2)
FNDA:0,(anonymous_3)
FNDA:0,(anonymous_4)
FNDA:0,(anonymous_5)
FNDA:0,(anonymous_6)
FNDA:0,(anonymous_7)
FNDA:0,(anonymous_8)
FNDA:0,(anonymous_9)
FNDA:0,(anonymous_10)
FNDA:0,(anonymous_11)
FNDA:0,(anonymous_12)
FNDA:0,(anonymous_13)
FNDA:0,logExportHistory
FNDA:0,buildQuery
FNDA:0,formatDateForExport
DA:1,1
DA:2,1
DA:3,1
DA:4,1
DA:5,1
DA:6,1
DA:9,1
DA:10,0
DA:11,0
DA:12,0
DA:15,0
DA:36,0
DA:37,0
DA:38,0
DA:41,0
DA:44,0
DA:45,0
DA:46,0
DA:48,0
DA:51,0
DA:53,0
DA:54,0
DA:65,0
DA:66,0
DA:71,1
DA:72,0
DA:73,0
DA:74,0
DA:77,0
DA:84,0
DA:103,0
DA:105,0
DA:108,0
DA:111,0
DA:112,0
DA:115,0
DA:116,0
DA:117,0
DA:119,0
DA:122,0
DA:124,0
DA:125,0
DA:136,0
DA:137,0
DA:142,1
DA:143,0
DA:144,0
DA:145,0
DA:147,0
DA:150,0
DA:158,0
DA:159,0
DA:162,0
DA:163,0
DA:164,0
DA:165,0
DA:166,0
DA:174,0
DA:175,0
DA:176,0
DA:180,0
DA:181,0
DA:182,0
DA:183,0
DA:184,0
DA:192,0
DA:193,0
DA:194,0
DA:198,0
DA:201,0
DA:202,0
DA:203,0
DA:205,0
DA:208,0
DA:210,0
DA:211,0
DA:217,0
DA:218,0
DA:232,0
DA:239,0
DA:242,0
DA:243,0
DA:247,0
DA:248,0
DA:251,0
DA:252,0
DA:255,0
DA:256,0
DA:259,0
DA:260,0
DA:263,0
DA:264,0
DA:268,0
DA:269,0
DA:270,0
DA:271,0
DA:274,0
DA:275,0
DA:278,0
DA:283,0
DA:285,0
DA:287,0
DA:288,0
DA:291,0
DA:292,0
DA:294,0
DA:297,0
DA:299,0
DA:300,0
DA:303,0
DA:306,1
LF:111
LH:10
BRDA:17,0,0,0
BRDA:17,0,1,0
BRDA:18,1,0,0
BRDA:18,1,1,0
BRDA:19,2,0,0
BRDA:19,2,1,0
BRDA:20,3,0,0
BRDA:20,3,1,0
BRDA:21,4,0,0
BRDA:21,4,1,0
BRDA:22,5,0,0
BRDA:22,5,1,0
BRDA:23,6,0,0
BRDA:23,6,1,0
BRDA:24,7,0,0
BRDA:24,7,1,0
BRDA:25,8,0,0
BRDA:25,8,1,0
BRDA:26,9,0,0
BRDA:26,9,1,0
BRDA:27,10,0,0
BRDA:27,10,1,0
BRDA:28,11,0,0
BRDA:28,11,1,0
BRDA:29,12,0,0
BRDA:29,12,1,0
BRDA:30,13,0,0
BRDA:30,13,1,0
BRDA:31,14,0,0
BRDA:31,14,1,0
BRDA:32,15,0,0
BRDA:32,15,1,0
BRDA:86,16,0,0
BRDA:86,16,1,0
BRDA:87,17,0,0
BRDA:87,17,1,0
BRDA:88,18,0,0
BRDA:88,18,1,0
BRDA:89,19,0,0
BRDA:89,19,1,0
BRDA:90,20,0,0
BRDA:90,20,1,0
BRDA:91,21,0,0
BRDA:91,21,1,0
BRDA:92,22,0,0
BRDA:92,22,1,0
BRDA:93,23,0,0
BRDA:93,23,1,0
BRDA:94,24,0,0
BRDA:94,24,1,0
BRDA:95,25,0,0
BRDA:95,25,1,0
BRDA:96,26,0,0
BRDA:96,26,1,0
BRDA:97,27,0,0
BRDA:97,27,1,0
BRDA:98,28,0,0
BRDA:98,28,1,0
BRDA:99,29,0,0
BRDA:99,29,1,0
BRDA:152,30,0,0
BRDA:152,30,1,0
BRDA:153,31,0,0
BRDA:153,31,1,0
BRDA:154,32,0,0
BRDA:154,32,1,0
BRDA:155,33,0,0
BRDA:155,33,1,0
BRDA:156,34,0,0
BRDA:156,34,1,0
BRDA:164,35,0,0
BRDA:164,35,1,0
BRDA:165,36,0,0
BRDA:165,36,1,0
BRDA:168,37,0,0
BRDA:168,37,1,0
BRDA:169,38,0,0
BRDA:169,38,1,0
BRDA:170,39,0,0
BRDA:170,39,1,0
BRDA:182,40,0,0
BRDA:182,40,1,0
BRDA:183,41,0,0
BRDA:183,41,1,0
BRDA:186,42,0,0
BRDA:186,42,1,0
BRDA:187,43,0,0
BRDA:187,43,1,0
BRDA:188,44,0,0
BRDA:188,44,1,0
BRDA:242,45,0,0
BRDA:242,45,1,0
BRDA:247,46,0,0
BRDA:247,46,1,0
BRDA:251,47,0,0
BRDA:251,47,1,0
BRDA:255,48,0,0
BRDA:255,48,1,0
BRDA:259,49,0,0
BRDA:259,49,1,0
BRDA:263,50,0,0
BRDA:263,50,1,0
BRDA:263,51,0,0
BRDA:263,51,1,0
BRDA:268,52,0,0
BRDA:268,52,1,0
BRDA:270,53,0,0
BRDA:270,53,1,0
BRDA:274,54,0,0
BRDA:274,54,1,0
BRDA:283,55,0,0
BRDA:283,55,1,0
BRDA:285,56,0,0
BRDA:285,56,1,0
BRDA:287,57,0,0
BRDA:287,57,1,0
BRDA:291,58,0,0
BRDA:291,58,1,0
BRDA:297,59,0,0
BRDA:297,59,1,0
BRF:120
BRH:0
end_of_record
TN:
SF:controllers\requestController.js
FN:15,(anonymous_0)
FN:75,(anonymous_1)
FN:160,(anonymous_2)
FN:175,(anonymous_3)
FN:216,(anonymous_4)
FN:219,(anonymous_5)
FN:262,(anonymous_6)
FN:323,(anonymous_7)
FN:354,(anonymous_8)
FN:379,(anonymous_9)
FN:390,(anonymous_10)
FN:428,(anonymous_11)
FN:434,(anonymous_12)
FN:439,(anonymous_13)
FN:444,(anonymous_14)
FN:480,(anonymous_15)
FN:489,(anonymous_16)
FN:511,(anonymous_17)
FN:525,(anonymous_18)
FN:548,(anonymous_19)
FN:563,(anonymous_20)
FN:619,(anonymous_21)
FN:680,(anonymous_22)
FN:742,(anonymous_23)
FNF:24
FNH:0
FNDA:0,(anonymous_0)
FNDA:0,(anonymous_1)
FNDA:0,(anonymous_2)
FNDA:0,(anonymous_3)
FNDA:0,(anonymous_4)
FNDA:0,(anonymous_5)
FNDA:0,(anonymous_6)
FNDA:0,(anonymous_7)
FNDA:0,(anonymous_8)
FNDA:0,(anonymous_9)
FNDA:0,(anonymous_10)
FNDA:0,(anonymous_11)
FNDA:0,(anonymous_12)
FNDA:0,(anonymous_13)
FNDA:0,(anonymous_14)
FNDA:0,(anonymous_15)
FNDA:0,(anonymous_16)
FNDA:0,(anonymous_17)
FNDA:0,(anonymous_18)
FNDA:0,(anonymous_19)
FNDA:0,(anonymous_20)
FNDA:0,(anonymous_21)
FNDA:0,(anonymous_22)
FNDA:0,(anonymous_23)
DA:1,1
DA:2,1
DA:3,1
DA:4,1
DA:5,1
DA:6,1
DA:7,1
DA:8,1
DA:9,1
DA:10,1
DA:11,1
DA:12,1
DA:15,1
DA:16,0
DA:32,0
DA:35,0
DA:37,0
DA:63,0
DA:64,0
DA:65,0
DA:66,0
DA:67,0
DA:68,0
DA:74,0
DA:75,0
DA:76,0
DA:77,0
DA:84,0
DA:85,0
DA:86,0
DA:87,0
DA:88,0
DA:95,0
DA:96,0
DA:99,0
DA:102,0
DA:103,0
DA:112,0
DA:113,0
DA:121,0
DA:124,0
DA:125,0
DA:126,0
DA:128,0
DA:129,0
DA:134,0
DA:135,0
DA:139,0
DA:152,0
DA:154,0
DA:155,0
DA:160,1
DA:161,0
DA:173,0
DA:175,0
DA:176,0
DA:177,0
DA:178,0
DA:181,0
DA:189,0
DA:190,0
DA:192,0
DA:194,0
DA:196,0
DA:198,0
DA:205,0
DA:212,0
DA:216,0
DA:217,0
DA:218,0
DA:219,0
DA:220,0
DA:221,0
DA:222,0
DA:223,0
DA:224,0
DA:225,0
DA:227,0
DA:229,0
DA:233,0
DA:235,0
DA:236,0
DA:238,0
DA:239,0
DA:240,0
DA:241,0
DA:242,0
DA:244,0
DA:245,0
DA:248,0
DA:249,0
DA:250,0
DA:251,0
DA:252,0
DA:253,0
DA:256,0
DA:260,0
DA:261,0
DA:262,0
DA:263,0
DA:264,0
DA:266,0
DA:267,0
DA:269,0
DA:270,0
DA:271,0
DA:272,0
DA:274,0
DA:279,0
DA:280,0
DA:284,0
DA:285,0
DA:286,0
DA:288,0
DA:289,0
DA:292,0
DA:293,0
DA:294,0
DA:298,0
DA:299,0
DA:300,0
DA:302,0
DA:303,0
DA:306,0
DA:309,0
DA:310,0
DA:315,0
DA:317,0
DA:318,0
DA:323,1
DA:324,0
DA:325,0
DA:326,0
DA:329,0
DA:330,0
DA:333,0
DA:334,0
DA:335,0
DA:336,0
DA:337,0
DA:338,0
DA:339,0
DA:340,0
DA:341,0
DA:342,0
DA:344,0
DA:346,0
DA:348,0
DA:349,0
DA:354,1
DA:355,0
DA:356,0
DA:357,0
DA:358,0
DA:362,0
DA:363,0
DA:367,0
DA:368,0
DA:369,0
DA:370,0
DA:371,0
DA:372,0
DA:378,0
DA:379,0
DA:380,0
DA:381,0
DA:385,0
DA:389,0
DA:390,0
DA:391,0
DA:392,0
DA:401,0
DA:415,0
DA:416,0
DA:427,0
DA:428,0
DA:429,0
DA:431,0
DA:434,0
DA:435,0
DA:436,0
DA:439,0
DA:440,0
DA:441,0
DA:444,0
DA:445,0
DA:446,0
DA:447,0
DA:448,0
DA:449,0
DA:450,0
DA:455,0
DA:456,0
DA:467,0
DA:480,0
DA:481,0
DA:482,0
DA:489,0
DA:490,0
DA:492,0
DA:493,0
DA:494,0
DA:502,0
DA:503,0
DA:504,0
DA:511,0
DA:512,0
DA:513,0
DA:517,0
DA:519,0
DA:520,0
DA:525,1
DA:526,0
DA:527,0
DA:529,0
DA:530,0
DA:534,0
DA:536,0
DA:540,0
DA:542,0
DA:543,0
DA:548,1
DA:549,0
DA:550,0
DA:555,0
DA:557,0
DA:558,0
DA:563,1
DA:564,0
DA:565,0
DA:567,0
DA:568,0
DA:569,0
DA:572,0
DA:581,0
DA:584,0
DA:587,0
DA:588,0
DA:589,0
DA:596,0
DA:597,0
DA:601,0
DA:602,0
DA:611,0
DA:613,0
DA:614,0
DA:619,1
DA:620,0
DA:621,0
DA:622,0
DA:625,0
DA:626,0
DA:627,0
DA:630,0
DA:643,0
DA:645,0
DA:648,0
DA:651,0
DA:652,0
DA:653,0
DA:660,0
DA:672,0
DA:674,0
DA:675,0
DA:680,1
DA:681,0
DA:682,0
DA:684,0
DA:685,0
DA:686,0
DA:689,0
DA:690,0
DA:691,0
DA:694,0
DA:699,0
DA:702,0
DA:705,0
DA:706,0
DA:707,0
DA:708,0
DA:715,0
DA:718,0
DA:727,0
DA:728,0
DA:734,0
DA:736,0
DA:737,0
DA:742,1
DA:743,0
DA:744,0
DA:746,0
DA:747,0
DA:750,0
DA:763,0
DA:775,0
DA:777,0
DA:778,0
DA:782,1
LF:298
LH:23
BRDA:63,0,0,0
BRDA:63,0,1,0
BRDA:65,1,0,0
BRDA:65,1,1,0
BRDA:67,2,0,0
BRDA:67,2,1,0
BRDA:74,3,0,0
BRDA:74,3,1,0
BRDA:76,4,0,0
BRDA:76,4,1,0
BRDA:85,5,0,0
BRDA:85,5,1,0
BRDA:87,6,0,0
BRDA:87,6,1,0
BRDA:102,7,0,0
BRDA:102,7,1,0
BRDA:112,8,0,0
BRDA:112,8,1,0
BRDA:125,9,0,0
BRDA:125,9,1,0
BRDA:128,10,0,0
BRDA:128,10,1,0
BRDA:134,11,0,0
BRDA:134,11,1,0
BRDA:165,12,0,0
BRDA:175,13,0,0
BRDA:176,14,0,0
BRDA:177,15,0,0
BRDA:177,15,1,0
BRDA:177,16,0,0
BRDA:177,16,1,0
BRDA:177,16,2,0
BRDA:177,16,3,0
BRDA:189,17,0,0
BRDA:189,17,1,0
BRDA:190,18,0,0
BRDA:190,18,1,0
BRDA:192,19,0,0
BRDA:192,19,1,0
BRDA:192,19,2,0
BRDA:192,19,3,0
BRDA:192,19,4,0
BRDA:217,20,0,0
BRDA:217,20,1,0
BRDA:218,21,0,0
BRDA:218,21,1,0
BRDA:221,22,0,0
BRDA:221,22,1,0
BRDA:222,23,0,0
BRDA:222,23,1,0
BRDA:224,24,0,0
BRDA:224,24,1,0
BRDA:235,25,0,0
BRDA:235,25,1,0
BRDA:238,26,0,0
BRDA:238,26,1,0
BRDA:239,27,0,0
BRDA:239,27,1,0
BRDA:240,28,0,0
BRDA:240,28,1,0
BRDA:241,29,0,0
BRDA:241,29,1,0
BRDA:244,30,0,0
BRDA:244,30,1,0
BRDA:249,31,0,0
BRDA:249,31,1,0
BRDA:251,32,0,0
BRDA:251,32,1,0
BRDA:252,33,0,0
BRDA:252,33,1,0
BRDA:260,34,0,0
BRDA:260,34,1,0
BRDA:264,35,0,0
BRDA:264,35,1,0
BRDA:266,36,0,0
BRDA:266,36,1,0
BRDA:269,37,0,0
BRDA:269,37,1,0
BRDA:270,38,0,0
BRDA:270,38,1,0
BRDA:270,39,0,0
BRDA:270,39,1,0
BRDA:279,40,0,0
BRDA:279,40,1,0
BRDA:285,41,0,0
BRDA:285,41,1,0
BRDA:288,42,0,0
BRDA:288,42,1,0
BRDA:293,43,0,0
BRDA:293,43,1,0
BRDA:294,44,0,0
BRDA:294,44,1,0
BRDA:296,45,0,0
BRDA:296,45,1,0
BRDA:296,46,0,0
BRDA:296,46,1,0
BRDA:298,47,0,0
BRDA:298,47,1,0
BRDA:299,48,0,0
BRDA:299,48,1,0
BRDA:302,49,0,0
BRDA:302,49,1,0
BRDA:302,50,0,0
BRDA:302,50,1,0
BRDA:329,51,0,0
BRDA:329,51,1,0
BRDA:333,52,0,0
BRDA:333,52,1,0
BRDA:334,53,0,0
BRDA:334,53,1,0
BRDA:335,54,0,0
BRDA:335,54,1,0
BRDA:336,55,0,0
BRDA:336,55,1,0
BRDA:337,56,0,0
BRDA:337,56,1,0
BRDA:338,57,0,0
BRDA:338,57,1,0
BRDA:339,58,0,0
BRDA:339,58,1,0
BRDA:340,59,0,0
BRDA:340,59,1,0
BRDA:341,60,0,0
BRDA:341,60,1,0
BRDA:342,61,0,0
BRDA:342,61,1,0
BRDA:357,62,0,0
BRDA:357,62,1,0
BRDA:362,63,0,0
BRDA:362,63,1,0
BRDA:367,64,0,0
BRDA:367,64,1,0
BRDA:369,65,0,0
BRDA:369,65,1,0
BRDA:371,66,0,0
BRDA:371,66,1,0
BRDA:378,67,0,0
BRDA:378,67,1,0
BRDA:380,68,0,0
BRDA:380,68,1,0
BRDA:391,69,0,0
BRDA:391,69,1,0
BRDA:415,70,0,0
BRDA:415,70,1,0
BRDA:435,71,0,0
BRDA:435,71,1,0
BRDA:440,72,0,0
BRDA:440,72,1,0
BRDA:445,73,0,0
BRDA:445,73,1,0
BRDA:446,74,0,0
BRDA:446,74,1,0
BRDA:446,75,0,0
BRDA:446,75,1,0
BRDA:449,76,0,0
BRDA:449,76,1,0
BRDA:449,77,0,0
BRDA:449,77,1,0
BRDA:455,78,0,0
BRDA:455,78,1,0
BRDA:481,79,0,0
BRDA:481,79,1,0
BRDA:481,80,0,0
BRDA:481,80,1,0
BRDA:481,80,2,0
BRDA:490,81,0,0
BRDA:490,81,1,0
BRDA:490,82,0,0
BRDA:490,82,1,0
BRDA:493,83,0,0
BRDA:493,83,1,0
BRDA:493,84,0,0
BRDA:493,84,1,0
BRDA:503,85,0,0
BRDA:503,85,1,0
BRDA:512,86,0,0
BRDA:512,86,1,0
BRDA:512,87,0,0
BRDA:512,87,1,0
BRDA:529,88,0,0
BRDA:529,88,1,0
BRDA:534,89,0,0
BRDA:534,89,1,0
BRDA:534,90,0,0
BRDA:534,90,1,0
BRDA:568,91,0,0
BRDA:568,91,1,0
BRDA:588,92,0,0
BRDA:588,92,1,0
BRDA:596,93,0,0
BRDA:596,93,1,0
BRDA:601,94,0,0
BRDA:601,94,1,0
BRDA:621,95,0,0
BRDA:621,95,1,0
BRDA:626,96,0,0
BRDA:626,96,1,0
BRDA:652,97,0,0
BRDA:652,97,1,0
BRDA:685,98,0,0
BRDA:685,98,1,0
BRDA:690,99,0,0
BRDA:690,99,1,0
BRDA:706,100,0,0
BRDA:706,100,1,0
BRDA:727,101,0,0
BRDA:727,101,1,0
BRDA:746,102,0,0
BRDA:746,102,1,0
BRDA:746,103,0,0
BRDA:746,103,1,0
BRDA:746,103,2,0
BRF:212
BRH:0
end_of_record
TN:
SF:controllers\requestTemplateController.js
FN:6,(anonymous_0)
FN:27,(anonymous_1)
FN:47,(anonymous_2)
FN:78,(anonymous_3)
FN:113,(anonymous_4)
FN:137,(anonymous_5)
FNF:6
FNH:0
FNDA:0,(anonymous_0)
FNDA:0,(anonymous_1)
FNDA:0,(anonymous_2)
FNDA:0,(anonymous_3)
FNDA:0,(anonymous_4)
FNDA:0,(anonymous_5)
DA:1,1
DA:2,1
DA:3,1
DA:6,1
DA:7,0
DA:8,0
DA:11,0
DA:12,0
DA:15,0
DA:19,0
DA:21,0
DA:22,0
DA:27,1
DA:28,0
DA:29,0
DA:31,0
DA:32,0
DA:35,0
DA:36,0
DA:39,0
DA:41,0
DA:42,0
DA:47,1
DA:48,0
DA:49,0
DA:51,0
DA:52,0
DA:55,0
DA:68,0
DA:70,0
DA:72,0
DA:73,0
DA:78,1
DA:79,0
DA:80,0
DA:82,0
DA:83,0
DA:87,0
DA:89,0
DA:92,0
DA:94,0
DA:95,0
DA:96,0
DA:97,0
DA:98,0
DA:99,0
DA:100,0
DA:102,0
DA:103,0
DA:105,0
DA:107,0
DA:108,0
DA:113,1
DA:114,0
DA:115,0
DA:117,0
DA:118,0
DA:122,0
DA:124,0
DA:127,0
DA:129,0
DA:131,0
DA:132,0
DA:137,1
DA:138,0
DA:139,0
DA:143,0
DA:147,1
LF:68
LH:10
BRDA:11,0,0,0
BRDA:11,0,1,0
BRDA:31,1,0,0
BRDA:31,1,1,0
BRDA:35,2,0,0
BRDA:35,2,1,0
BRDA:51,3,0,0
BRDA:51,3,1,0
BRDA:51,4,0,0
BRDA:51,4,1,0
BRDA:51,4,2,0
BRDA:60,5,0,0
BRDA:60,5,1,0
BRDA:61,6,0,0
BRDA:61,6,1,0
BRDA:82,7,0,0
BRDA:82,7,1,0
BRDA:87,8,0,0
BRDA:87,8,1,0
BRDA:87,9,0,0
BRDA:87,9,1,0
BRDA:94,10,0,0
BRDA:94,10,1,0
BRDA:95,11,0,0
BRDA:95,11,1,0
BRDA:96,12,0,0
BRDA:96,12,1,0
BRDA:97,13,0,0
BRDA:97,13,1,0
BRDA:98,14,0,0
BRDA:98,14,1,0
BRDA:99,15,0,0
BRDA:99,15,1,0
BRDA:100,16,0,0
BRDA:100,16,1,0
BRDA:117,17,0,0
BRDA:117,17,1,0
BRDA:122,18,0,0
BRDA:122,18,1,0
BRDA:122,19,0,0
BRDA:122,19,1,0
BRF:41
BRH:0
end_of_record
TN:
SF:controllers\scheduledReportController.js
FN:6,(anonymous_0)
FN:28,(anonymous_1)
FN:52,(anonymous_2)
FN:113,(anonymous_3)
FN:169,(anonymous_4)
FN:193,(anonymous_5)
FNF:6
FNH:0
FNDA:0,(anonymous_0)
FNDA:0,(anonymous_1)
FNDA:0,(anonymous_2)
FNDA:0,(anonymous_3)
FNDA:0,(anonymous_4)
FNDA:0,(anonymous_5)
DA:1,1
DA:2,1
DA:3,1
DA:6,1
DA:7,0
DA:8,0
DA:11,0
DA:12,0
DA:15,0
DA:20,0
DA:22,0
DA:23,0
DA:28,1
DA:29,0
DA:30,0
DA:34,0
DA:35,0
DA:39,0
DA:41,0
DA:44,0
DA:46,0
DA:47,0
DA:52,1
DA:53,0
DA:54,0
DA:57,0
DA:58,0
DA:62,0
DA:63,0
DA:66,0
DA:67,0
DA:71,0
DA:72,0
DA:73,0
DA:74,0
DA:75,0
DA:80,0
DA:81,0
DA:90,0
DA:103,0
DA:105,0
DA:107,0
DA:108,0
DA:113,1
DA:114,0
DA:115,0
DA:117,0
DA:118,0
DA:122,0
DA:124,0
DA:127,0
DA:129,0
DA:130,0
DA:131,0
DA:132,0
DA:133,0
DA:135,0
DA:137,0
DA:138,0
DA:139,0
DA:140,0
DA:141,0
DA:142,0
DA:147,0
DA:148,0
DA:155,0
DA:157,0
DA:159,0
DA:161,0
DA:163,0
DA:164,0
DA:169,1
DA:170,0
DA:171,0
DA:173,0
DA:174,0
DA:178,0
DA:180,0
DA:183,0
DA:185,0
DA:187,0
DA:188,0
DA:193,1
DA:194,0
DA:195,0
DA:197,0
DA:198,0
DA:202,0
DA:204,0
DA:209,0
DA:211,0
DA:212,0
DA:216,1
LF:93
LH:10
BRDA:11,0,0,0
BRDA:11,0,1,0
BRDA:34,1,0,0
BRDA:34,1,1,0
BRDA:39,2,0,0
BRDA:39,2,1,0
BRDA:39,3,0,0
BRDA:39,3,1,0
BRDA:57,4,0,0
BRDA:57,4,1,0
BRDA:57,5,0,0
BRDA:57,5,1,0
BRDA:57,5,2,0
BRDA:57,5,3,0
BRDA:57,5,4,0
BRDA:62,6,0,0
BRDA:62,6,1,0
BRDA:62,7,0,0
BRDA:62,7,1,0
BRDA:62,7,2,0
BRDA:62,7,3,0
BRDA:66,8,0,0
BRDA:66,8,1,0
BRDA:66,9,0,0
BRDA:66,9,1,0
BRDA:66,9,2,0
BRDA:66,9,3,0
BRDA:72,10,0,0
BRDA:72,10,1,0
BRDA:72,11,0,0
BRDA:72,11,1,0
BRDA:74,12,0,0
BRDA:74,12,1,0
BRDA:77,13,0,0
BRDA:77,13,1,0
BRDA:78,14,0,0
BRDA:78,14,1,0
BRDA:80,15,0,0
BRDA:80,15,1,0
BRDA:84,16,0,0
BRDA:84,16,1,0
BRDA:95,17,0,0
BRDA:95,17,1,0
BRDA:117,18,0,0
BRDA:117,18,1,0
BRDA:122,19,0,0
BRDA:122,19,1,0
BRDA:122,20,0,0
BRDA:122,20,1,0
BRDA:129,21,0,0
BRDA:129,21,1,0
BRDA:130,22,0,0
BRDA:130,22,1,0
BRDA:131,23,0,0
BRDA:131,23,1,0
BRDA:132,24,0,0
BRDA:132,24,1,0
BRDA:137,25,0,0
BRDA:137,25,1,0
BRDA:138,26,0,0
BRDA:138,26,1,0
BRDA:138,27,0,0
BRDA:138,27,1,0
BRDA:141,28,0,0
BRDA:141,28,1,0
BRDA:144,29,0,0
BRDA:144,29,1,0
BRDA:145,30,0,0
BRDA:145,30,1,0
BRDA:147,31,0,0
BRDA:147,31,1,0
BRDA:151,32,0,0
BRDA:151,32,1,0
BRDA:157,33,0,0
BRDA:157,33,1,0
BRDA:173,34,0,0
BRDA:173,34,1,0
BRDA:178,35,0,0
BRDA:178,35,1,0
BRDA:178,36,0,0
BRDA:178,36,1,0
BRDA:197,37,0,0
BRDA:197,37,1,0
BRDA:202,38,0,0
BRDA:202,38,1,0
BRDA:202,39,0,0
BRDA:202,39,1,0
BRF:87
BRH:0
end_of_record
TN:
SF:controllers\searchController.js
FN:6,(anonymous_0)
FNF:1
FNH:0
FNDA:0,(anonymous_0)
DA:1,1
DA:2,1
DA:3,1
DA:6,1
DA:7,0
DA:8,0
DA:10,0
DA:11,0
DA:14,0
DA:26,0
DA:27,0
DA:31,0
DA:32,0
DA:33,0
DA:35,0
DA:40,0
DA:42,0
DA:43,0
DA:47,1
LF:19
LH:5
BRDA:8,0,0,0
BRDA:10,1,0,0
BRDA:10,1,1,0
BRDA:10,2,0,0
BRDA:10,2,1,0
BRDA:26,3,0,0
BRDA:26,3,1,0
BRDA:31,4,0,0
BRDA:31,4,1,0
BRDA:32,5,0,0
BRDA:32,5,1,0
BRDA:33,6,0,0
BRDA:33,6,1,0
BRF:13
BRH:0
end_of_record
TN:
SF:controllers\userController.js
FN:7,(anonymous_0)
FN:25,(anonymous_1)
FN:39,(anonymous_2)
FN:106,(anonymous_3)
FN:157,(anonymous_4)
FN:194,(anonymous_5)
FNF:6
FNH:0
FNDA:0,(anonymous_0)
FNDA:0,(anonymous_1)
FNDA:0,(anonymous_2)
FNDA:0,(anonymous_3)
FNDA:0,(anonymous_4)
FNDA:0,(anonymous_5)
DA:1,1
DA:2,1
DA:3,1
DA:4,1
DA:7,1
DA:8,0
DA:9,0
DA:10,0
DA:11,0
DA:13,0
DA:14,0
DA:16,0
DA:17,0
DA:19,0
DA:20,0
DA:25,1
DA:26,0
DA:27,0
DA:28,0
DA:29,0
DA:31,0
DA:33,0
DA:34,0
DA:39,1
DA:40,0
DA:54,0
DA:57,0
DA:58,0
DA:59,0
DA:62,0
DA:76,0
DA:77,0
DA:80,0
DA:83,0
DA:95,0
DA:96,0
DA:98,0
DA:100,0
DA:101,0
DA:106,1
DA:107,0
DA:108,0
DA:110,0
DA:111,0
DA:112,0
DA:115,0
DA:116,0
DA:117,0
DA:118,0
DA:119,0
DA:120,0
DA:121,0
DA:122,0
DA:123,0
DA:124,0
DA:125,0
DA:131,0
DA:134,0
DA:146,0
DA:147,0
DA:149,0
DA:151,0
DA:152,0
DA:157,1
DA:158,0
DA:159,0
DA:161,0
DA:162,0
DA:165,0
DA:166,0
DA:167,0
DA:170,0
DA:171,0
DA:174,0
DA:186,0
DA:188,0
DA:189,0
DA:194,1
DA:195,0
DA:196,0
DA:197,0
DA:198,0
DA:202,0
DA:203,0
DA:206,0
DA:209,0
DA:221,0
DA:223,0
DA:224,0
DA:228,1
LF:90
LH:11
BRDA:10,0,0,0
BRDA:10,0,1,0
BRDA:13,1,0,0
BRDA:13,1,1,0
BRDA:28,2,0,0
BRDA:28,2,1,0
BRDA:45,3,0,0
BRDA:58,4,0,0
BRDA:58,4,1,0
BRDA:73,5,0,0
BRDA:73,5,1,0
BRDA:76,6,0,0
BRDA:76,6,1,0
BRDA:111,7,0,0
BRDA:111,7,1,0
BRDA:115,8,0,0
BRDA:115,8,1,0
BRDA:116,9,0,0
BRDA:116,9,1,0
BRDA:117,10,0,0
BRDA:117,10,1,0
BRDA:118,11,0,0
BRDA:118,11,1,0
BRDA:119,12,0,0
BRDA:119,12,1,0
BRDA:120,13,0,0
BRDA:120,13,1,0
BRDA:121,14,0,0
BRDA:121,14,1,0
BRDA:122,15,0,0
BRDA:122,15,1,0
BRDA:123,16,0,0
BRDA:123,16,1,0
BRDA:124,17,0,0
BRDA:124,17,1,0
BRDA:161,18,0,0
BRDA:161,18,1,0
BRDA:161,19,0,0
BRDA:161,19,1,0
BRDA:166,20,0,0
BRDA:166,20,1,0
BRDA:197,21,0,0
BRDA:197,21,1,0
BRDA:202,22,0,0
BRDA:202,22,1,0
BRF:45
BRH:0
end_of_record
TN:
SF:middleware\auth.js
FN:5,(anonymous_0)
FN:13,(anonymous_1)
FN:26,(anonymous_2)
FN:27,(anonymous_3)
FNF:4
FNH:2
FNDA:5,(anonymous_0)
FNDA:5,(anonymous_1)
FNDA:0,(anonymous_2)
FNDA:0,(anonymous_3)
DA:1,1
DA:2,1
DA:5,1
DA:6,5
DA:7,5
DA:9,0
DA:13,1
DA:14,5
DA:15,0
DA:18,5
DA:19,0
DA:22,5
DA:26,1
DA:27,0
DA:28,0
DA:29,0
DA:33,0
DA:34,0
DA:38,0
DA:39,0
DA:40,0
DA:41,0
DA:43,0
DA:45,0
DA:50,1
LF:25
LH:11
BRDA:6,0,0,5
BRDA:6,0,1,0
BRDA:6,1,0,5
BRDA:6,1,1,5
BRDA:14,2,0,0
BRDA:14,2,1,5
BRDA:14,3,0,5
BRDA:14,3,1,5
BRDA:18,4,0,0
BRDA:18,4,1,5
BRDA:28,5,0,0
BRDA:28,5,1,0
BRDA:28,6,0,0
BRDA:28,6,1,0
BRDA:33,7,0,0
BRDA:33,7,1,0
BRDA:40,8,0,0
BRDA:40,8,1,0
BRDA:40,9,0,0
BRDA:40,9,1,0
BRF:20
BRH:7
end_of_record
TN:
SF:middleware\errorHandler.js
FN:4,(anonymous_0)
FN:9,(anonymous_1)
FN:53,(anonymous_2)
FNF:3
FNH:0
FNDA:0,(anonymous_0)
FNDA:0,(anonymous_1)
FNDA:0,(anonymous_2)
DA:1,0
DA:4,0
DA:5,0
DA:8,0
DA:9,0
DA:13,0
DA:21,0
DA:22,0
DA:29,0
DA:30,0
DA:31,0
DA:38,0
DA:39,0
DA:46,0
DA:53,0
DA:54,0
DA:60,0
LF:17
LH:0
BRDA:8,0,0,0
BRDA:8,0,1,0
BRDA:21,1,0,0
BRDA:21,1,1,0
BRDA:29,2,0,0
BRDA:29,2,1,0
BRDA:38,3,0,0
BRDA:38,3,1,0
BRDA:46,4,0,0
BRDA:46,4,1,0
BRDA:48,5,0,0
BRDA:48,5,1,0
BRF:12
BRH:0
end_of_record
TN:
SF:middleware\rateLimiter.js
FNF:0
FNH:0
DA:1,1
DA:2,1
DA:5,1
DA:18,1
DA:30,1
LF:5
LH:5
BRF:0
BRH:0
end_of_record
TN:
SF:middleware\upload.js
FN:13,(anonymous_0)
FN:16,(anonymous_1)
FN:23,(anonymous_2)
FNF:3
FNH:0
FNDA:0,(anonymous_0)
FNDA:0,(anonymous_1)
FNDA:0,(anonymous_2)
DA:1,1
DA:2,1
DA:3,1
DA:6,1
DA:7,1
DA:8,0
DA:12,1
DA:14,0
DA:17,0
DA:18,0
DA:23,1
DA:24,0
DA:25,0
DA:26,0
DA:28,0
DA:29,0
DA:31,0
DA:36,1
DA:44,1
LF:19
LH:9
BRDA:7,0,0,0
BRDA:7,0,1,1
BRDA:28,1,0,0
BRDA:28,1,1,0
BRDA:28,2,0,0
BRDA:28,2,1,0
BRF:6
BRH:1
end_of_record
TN:
SF:models\ActivityLog.js
FNF:0
FNH:0
DA:1,1
DA:3,1
DA:54,1
DA:55,1
DA:56,1
DA:58,1
LF:6
LH:6
BRF:0
BRH:0
end_of_record
TN:
SF:models\AuditLog.js
FNF:0
FNH:0
DA:1,1
DA:3,1
DA:32,1
DA:33,1
DA:34,1
DA:36,1
LF:6
LH:6
BRF:0
BRH:0
end_of_record
TN:
SF:models\Customer.js
FNF:0
FNH:0
DA:1,1
DA:2,1
DA:4,1
DA:17,1
DA:28,1
DA:39,1
DA:91,1
DA:92,1
DA:93,1
DA:94,1
DA:95,1
DA:96,1
DA:98,1
LF:13
LH:13
BRF:0
BRH:0
end_of_record
TN:
SF:models\ExportHistory.js
FNF:0
FNH:0
DA:1,1
DA:3,1
DA:51,1
DA:52,1
DA:53,1
DA:55,1
LF:6
LH:6
BRF:0
BRH:0
end_of_record
TN:
SF:models\Notification.js
FNF:0
FNH:0
DA:1,1
DA:3,1
DA:30,1
DA:32,1
LF:4
LH:4
BRF:0
BRH:0
end_of_record
TN:
SF:models\Request.js
FNF:0
FNH:0
DA:1,1
DA:3,1
DA:96,1
DA:97,1
DA:98,1
DA:99,1
DA:100,1
DA:101,1
DA:102,1
DA:103,1
DA:104,1
DA:105,1
DA:106,1
DA:115,1
LF:14
LH:14
BRF:0
BRH:0
end_of_record
TN:
SF:models\RequestHistory.js
FNF:0
FNH:0
DA:1,1
DA:3,1
DA:24,1
LF:3
LH:3
BRF:0
BRH:0
end_of_record
TN:
SF:models\RequestTag.js
FNF:0
FNH:0
DA:1,0
DA:3,0
DA:28,0
DA:30,0
LF:4
LH:0
BRF:0
BRH:0
end_of_record
TN:
SF:models\RequestTemplate.js
FNF:0
FNH:0
DA:1,1
DA:3,1
DA:52,1
DA:53,1
DA:55,1
LF:5
LH:5
BRF:0
BRH:0
end_of_record
TN:
SF:models\ScheduledReport.js
FN:82,(anonymous_0)
FN:113,(anonymous_1)
FNF:2
FNH:0
FNDA:0,(anonymous_0)
FNDA:0,(anonymous_1)
DA:1,1
DA:3,1
DA:82,1
DA:83,0
DA:84,0
DA:86,0
DA:87,0
DA:89,0
DA:91,0
DA:92,0
DA:94,0
DA:95,0
DA:96,0
DA:97,0
DA:98,0
DA:99,0
DA:100,0
DA:102,0
DA:103,0
DA:104,0
DA:105,0
DA:106,0
DA:110,0
DA:113,1
DA:114,0
DA:115,0
DA:117,0
DA:118,0
DA:121,1
LF:29
LH:5
BRDA:89,0,0,0
BRDA:89,0,1,0
BRDA:91,1,0,0
BRDA:91,1,1,0
BRDA:94,2,0,0
BRDA:94,2,1,0
BRDA:95,3,0,0
BRDA:95,3,1,0
BRDA:98,4,0,0
BRDA:98,4,1,0
BRDA:99,5,0,0
BRDA:99,5,1,0
BRDA:102,6,0,0
BRDA:102,6,1,0
BRDA:103,7,0,0
BRDA:103,7,1,0
BRDA:105,8,0,0
BRDA:105,8,1,0
BRDA:114,9,0,0
BRDA:114,9,1,0
BRDA:114,10,0,0
BRDA:114,10,1,0
BRF:22
BRH:0
end_of_record
TN:
SF:models\User.js
FN:118,(anonymous_0)
FN:131,(anonymous_1)
FNF:2
FNH:2
FNDA:4,(anonymous_0)
FNDA:2,(anonymous_1)
DA:1,1
DA:2,1
DA:3,1
DA:5,1
DA:30,1
DA:110,1
DA:111,1
DA:112,1
DA:113,1
DA:114,1
DA:115,1
DA:118,1
DA:119,4
DA:121,2
DA:122,2
DA:123,2
DA:124,2
DA:126,0
DA:131,1
DA:132,2
DA:135,1
LF:21
LH:20
BRDA:119,0,0,2
BRDA:119,0,1,2
BRF:2
BRH:2
end_of_record
TN:
SF:routes\auth.js
FNF:0
FNH:0
DA:1,1
DA:2,1
DA:3,1
DA:4,1
DA:5,1
DA:6,1
DA:9,1
DA:12,1
DA:15,1
DA:18,1
DA:20,1
LF:11
LH:11
BRF:0
BRH:0
end_of_record
TN:
SF:routes\customers.js
FNF:0
FNH:0
DA:1,1
DA:2,1
DA:3,1
DA:4,1
DA:8,1
DA:10,1
DA:12,1
DA:13,1
DA:14,1
DA:16,1
DA:17,1
DA:18,1
DA:20,1
LF:13
LH:13
BRF:0
BRH:0
end_of_record
TN:
SF:routes\dashboard.js
FNF:0
FNH:0
DA:1,1
DA:2,1
DA:3,1
DA:4,1
DA:7,1
DA:10,1
DA:13,1
DA:15,1
LF:8
LH:8
BRF:0
BRH:0
end_of_record
TN:
SF:routes\exportHistory.js
FNF:0
FNH:0
DA:1,1
DA:2,1
DA:3,1
DA:4,1
DA:7,1
DA:10,1
DA:13,1
DA:15,1
LF:8
LH:8
BRF:0
BRH:0
end_of_record
TN:
SF:routes\notifications.js
FNF:0
FNH:0
DA:1,1
DA:2,1
DA:3,1
DA:4,1
DA:7,1
DA:10,1
DA:13,1
DA:16,1
DA:18,1
LF:9
LH:9
BRF:0
BRH:0
end_of_record
TN:
SF:routes\reports.js
FNF:0
FNH:0
DA:1,1
DA:2,1
DA:3,1
DA:4,1
DA:7,1
DA:10,1
DA:13,1
DA:15,1
LF:8
LH:8
BRF:0
BRH:0
end_of_record
TN:
SF:routes\requestTemplates.js
FNF:0
FNH:0
DA:1,1
DA:2,1
DA:3,1
DA:4,1
DA:7,1
DA:10,1
DA:13,1
DA:16,1
DA:19,1
DA:21,1
LF:10
LH:10
BRF:0
BRH:0
end_of_record
TN:
SF:routes\requests.js
FNF:0
FNH:0
DA:1,1
DA:2,1
DA:3,1
DA:4,1
DA:5,1
DA:6,1
DA:12,1
DA:15,1
DA:18,1
DA:21,1
DA:24,1
DA:27,1
DA:30,1
DA:31,1
DA:34,1
DA:37,1
DA:40,1
DA:43,1
DA:46,1
DA:49,1
DA:50,1
DA:51,1
DA:52,1
DA:54,1
LF:24
LH:24
BRF:0
BRH:0
end_of_record
TN:
SF:routes\scheduledReports.js
FNF:0
FNH:0
DA:1,1
DA:2,1
DA:3,1
DA:4,1
DA:7,1
DA:10,1
DA:13,1
DA:16,1
DA:19,1
DA:22,1
DA:24,1
LF:11
LH:11
BRF:0
BRH:0
end_of_record
TN:
SF:routes\specialists.js
FNF:0
FNH:0
DA:1,1
DA:2,1
DA:3,1
DA:4,1
DA:5,1
DA:7,1
DA:9,1
DA:11,1
LF:8
LH:8
BRF:0
BRH:0
end_of_record
TN:
SF:routes\users.js
FNF:0
FNH:0
DA:1,1
DA:2,1
DA:3,1
DA:4,1
DA:5,1
DA:8,1
DA:11,1
DA:14,1
DA:17,1
DA:20,1
DA:23,1
DA:25,1
LF:12
LH:12
BRF:0
BRH:0
end_of_record
TN:
SF:utils\activityLogger.js
FN:6,logActivity
FN:32,(anonymous_1)
FN:44,(anonymous_2)
FN:58,(anonymous_3)
FN:70,(anonymous_4)
FN:84,(anonymous_5)
FN:93,(anonymous_6)
FN:105,(anonymous_7)
FN:117,(anonymous_8)
FN:126,(anonymous_9)
FN:138,(anonymous_10)
FN:150,(anonymous_11)
FNF:12
FNH:0
FNDA:0,logActivity
FNDA:0,(anonymous_1)
FNDA:0,(anonymous_2)
FNDA:0,(anonymous_3)
FNDA:0,(anonymous_4)
FNDA:0,(anonymous_5)
FNDA:0,(anonymous_6)
FNDA:0,(anonymous_7)
FNDA:0,(anonymous_8)
FNDA:0,(anonymous_9)
FNDA:0,(anonymous_10)
FNDA:0,(anonymous_11)
DA:1,1
DA:7,0
DA:8,0
DA:23,0
DA:31,1
DA:33,0
DA:45,0
DA:49,0
DA:59,0
DA:71,0
DA:85,0
DA:94,0
DA:106,0
DA:118,0
DA:127,0
DA:139,0
DA:151,0
DA:160,1
LF:18
LH:3
BRDA:6,0,0,0
BRDA:6,1,0,0
BRDA:6,2,0,0
BRDA:6,3,0,0
BRDA:14,4,0,0
BRDA:14,4,1,0
BRDA:45,5,0,0
BRDA:45,5,1,0
BRDA:74,6,0,0
BRDA:74,6,1,0
BRDA:80,7,0,0
BRDA:80,7,1,0
BRDA:80,8,0,0
BRDA:80,8,1,0
BRF:14
BRH:0
end_of_record
TN:
SF:utils\dateHelper.js
FN:4,(anonymous_0)
FN:11,(anonymous_1)
FN:18,(anonymous_2)
FN:23,(anonymous_3)
FN:28,(anonymous_4)
FN:34,(anonymous_5)
FN:39,(anonymous_6)
FNF:7
FNH:0
FNDA:0,(anonymous_0)
FNDA:0,(anonymous_1)
FNDA:0,(anonymous_2)
FNDA:0,(anonymous_3)
FNDA:0,(anonymous_4)
FNDA:0,(anonymous_5)
FNDA:0,(anonymous_6)
DA:1,1
DA:4,1
DA:5,0
DA:11,1
DA:12,0
DA:18,1
DA:19,0
DA:23,1
DA:24,0
DA:28,1
DA:29,0
DA:30,0
DA:34,1
DA:35,0
DA:39,1
DA:40,0
DA:43,1
LF:17
LH:9
BRDA:29,0,0,0
BRDA:29,0,1,0
BRF:2
BRH:0
end_of_record
TN:
SF:utils\emailService.js
FN:8,initEmailService
FN:30,sendEmail
FN:55,sendRequestStatusChangeEmail
FN:103,sendAssignmentEmail
FN:143,sendCommentNotification
FNF:5
FNH:0
FNDA:0,initEmailService
FNDA:0,sendEmail
FNDA:0,sendRequestStatusChangeEmail
FNDA:0,sendAssignmentEmail
FNDA:0,sendCommentNotification
DA:1,1
DA:3,1
DA:9,0
DA:19,0
DA:20,0
DA:21,0
DA:23,0
DA:31,0
DA:32,0
DA:33,0
DA:36,0
DA:37,0
DA:45,0
DA:47,0
DA:48,0
DA:56,0
DA:58,0
DA:59,0
DA:72,0
DA:90,0
DA:91,0
DA:93,0
DA:94,0
DA:97,0
DA:104,0
DA:106,0
DA:107,0
DA:120,0
DA:137,0
DA:145,0
DA:146,0
DA:148,0
DA:149,0
DA:150,0
DA:151,0
DA:155,0
DA:156,0
DA:157,0
DA:158,0
DA:162,0
DA:164,0
DA:165,0
DA:166,0
DA:176,0
DA:179,1
LF:45
LH:3
BRDA:10,0,0,0
BRDA:10,0,1,0
BRDA:11,1,0,0
BRDA:11,1,1,0
BRDA:19,2,0,0
BRDA:19,2,1,0
BRDA:19,3,0,0
BRDA:19,3,1,0
BRDA:30,4,0,0
BRDA:31,5,0,0
BRDA:31,5,1,0
BRDA:39,6,0,0
BRDA:39,6,1,0
BRDA:42,7,0,0
BRDA:42,7,1,0
BRDA:56,8,0,0
BRDA:56,8,1,0
BRDA:85,9,0,0
BRDA:85,9,1,0
BRDA:93,10,0,0
BRDA:93,10,1,0
BRDA:93,11,0,0
BRDA:93,11,1,0
BRDA:104,12,0,0
BRDA:104,12,1,0
BRDA:133,13,0,0
BRDA:133,13,1,0
BRDA:148,14,0,0
BRDA:148,14,1,0
BRDA:150,15,0,0
BRDA:150,15,1,0
BRDA:150,16,0,0
BRDA:150,16,1,0
BRDA:155,17,0,0
BRDA:155,17,1,0
BRDA:157,18,0,0
BRDA:157,18,1,0
BRDA:157,19,0,0
BRDA:157,19,1,0
BRDA:157,19,2,0
BRDA:162,20,0,0
BRDA:162,20,1,0
BRDA:172,21,0,0
BRDA:172,21,1,0
BRF:44
BRH:0
end_of_record
TN:
SF:utils\response.js
FN:3,(anonymous_0)
FN:11,(anonymous_1)
FN:24,(anonymous_2)
FNF:3
FNH:2
FNDA:4,(anonymous_0)
FNDA:0,(anonymous_1)
FNDA:1,(anonymous_2)
DA:3,1
DA:4,4
DA:11,1
DA:12,0
DA:17,0
DA:18,0
DA:21,0
DA:24,1
DA:25,1
DA:37,1
LF:10
LH:6
BRDA:3,0,0,0
BRDA:3,1,0,1
BRDA:3,2,0,3
BRDA:11,3,0,0
BRDA:11,4,0,0
BRDA:11,5,0,0
BRDA:17,6,0,0
BRDA:17,6,1,0
BRDA:24,7,0,0
BRDA:24,8,0,0
BRDA:24,9,0,0
BRDA:24,10,0,0
BRF:12
BRH:2
end_of_record
TN:
SF:utils\validators.js
FN:5,(anonymous_0)
FN:11,(anonymous_1)
FNF:2
FNH:1
FNDA:2,(anonymous_0)
FNDA:0,(anonymous_1)
DA:1,1
DA:2,1
DA:5,1
DA:6,2
DA:7,2
DA:8,0
DA:11,0
DA:17,2
DA:21,1
DA:33,1
DA:58,1
DA:69,1
DA:88,1
DA:95,1
DA:101,1
DA:113,1
DA:125,1
DA:133,1
LF:18
LH:16
BRDA:7,0,0,0
BRDA:7,0,1,2
BRF:2
BRH:1
end_of_record
